
Tracing dependencies for: require-frontend

/usr/local/http2/htdocs/fastadmin/public/assets/js/require-frontend.min.js
----------------
/usr/local/http2/htdocs/fastadmin/public/assets/libs/jquery/dist/jquery.min.js
/usr/local/http2/htdocs/fastadmin/public/assets/libs/bootstrap/dist/js/bootstrap.min.js
/usr/local/http2/htdocs/fastadmin/public/assets/js/require-frontend.js
/usr/local/http2/htdocs/fastadmin/public/assets/js/../libs/require-css/css.min.js
/usr/local/http2/htdocs/fastadmin/public/assets/libs/layer/src/layer.js
/usr/local/http2/htdocs/fastadmin/public/assets/libs/toastr/toastr.js
/usr/local/http2/htdocs/fastadmin/public/assets/js/frontend.js


/usr/local/http2/htdocs/fastadmin/public/assets/css/frontend.min.css
----------------
/usr/local/http2/htdocs/fastadmin/public/assets/css/../css/bootstrap.min.css
/usr/local/http2/htdocs/fastadmin/public/assets/css/../css/fastadmin.min.css
/usr/local/http2/htdocs/fastadmin/public/assets/css/../css/skins/skin-green.css
/usr/local/http2/htdocs/fastadmin/public/assets/css/../css/iconfont.css
/usr/local/http2/htdocs/fastadmin/public/assets/css/../libs/font-awesome/css/font-awesome.min.css
/usr/local/http2/htdocs/fastadmin/public/assets/css/../libs/toastr/toastr.min.css
/usr/local/http2/htdocs/fastadmin/public/assets/css/../libs/layer/build/skin/default/layer.css
/usr/local/http2/htdocs/fastadmin/public/assets/css/frontend.css


Tracing dependencies for: require-backend

/usr/local/http2/htdocs/fastadmin/public/assets/js/require-backend.min.js
----------------
/usr/local/http2/htdocs/fastadmin/public/assets/libs/jquery/dist/jquery.min.js
/usr/local/http2/htdocs/fastadmin/public/assets/libs/bootstrap/dist/js/bootstrap.min.js
/usr/local/http2/htdocs/fastadmin/public/assets/js/require-backend.js
/usr/local/http2/htdocs/fastadmin/public/assets/js/../libs/require-css/css.min.js
/usr/local/http2/htdocs/fastadmin/public/assets/libs/layer/src/layer.js
/usr/local/http2/htdocs/fastadmin/public/assets/libs/toastr/toastr.js
/usr/local/http2/htdocs/fastadmin/public/assets/js/../libs/moment/moment.js
/usr/local/http2/htdocs/fastadmin/public/assets/js/backend.js
/usr/local/http2/htdocs/fastadmin/public/assets/libs/bootstrap-table/dist/bootstrap-table.min.js
/usr/local/http2/htdocs/fastadmin/public/assets/libs/bootstrap-table/dist/locale/bootstrap-table-zh-CN.js
/usr/local/http2/htdocs/fastadmin/public/assets/libs/bootstrap-table/dist/extensions/mobile/bootstrap-table-mobile.js
/usr/local/http2/htdocs/fastadmin/public/assets/libs/tableExport.jquery.plugin/tableExport.min.js
/usr/local/http2/htdocs/fastadmin/public/assets/libs/bootstrap-table/dist/extensions/export/bootstrap-table-export.min.js
/usr/local/http2/htdocs/fastadmin/public/assets/js/../libs/moment/locale/zh-cn.js
/usr/local/http2/htdocs/fastadmin/public/assets/libs/eonasdan-bootstrap-datetimepicker/build/js/bootstrap-datetimepicker.min.js
/usr/local/http2/htdocs/fastadmin/public/assets/js/bootstrap-table-commonsearch.js
/usr/local/http2/htdocs/fastadmin/public/assets/libs/art-template/dist/template-native.js
/usr/local/http2/htdocs/fastadmin/public/assets/js/bootstrap-table-template.js
/usr/local/http2/htdocs/fastadmin/public/assets/js/require-table.js
/usr/local/http2/htdocs/fastadmin/public/assets/js/../libs/plupload/js/moxie.min.js
/usr/local/http2/htdocs/fastadmin/public/assets/libs/plupload/js/plupload.min.js
/usr/local/http2/htdocs/fastadmin/public/assets/libs/dragsort/jquery.dragsort.js
/usr/local/http2/htdocs/fastadmin/public/assets/js/require-upload.js
/usr/local/http2/htdocs/fastadmin/public/assets/libs/nice-validator/dist/jquery.validator.js
/usr/local/http2/htdocs/fastadmin/public/assets/libs/nice-validator/dist/local/zh-CN.js
/usr/local/http2/htdocs/fastadmin/public/assets/js/require-validator.js
/usr/local/http2/htdocs/fastadmin/public/assets/js/require-form.js
/usr/local/http2/htdocs/fastadmin/public/assets/js/jquery.drag.min.js
/usr/local/http2/htdocs/fastadmin/public/assets/js/jquery.drop.min.js
/usr/local/http2/htdocs/fastadmin/public/assets/libs/jquery-addtabs/jquery.addtabs.js
/usr/local/http2/htdocs/fastadmin/public/assets/libs/selectpage/selectpage.js


/usr/local/http2/htdocs/fastadmin/public/assets/css/backend.min.css
----------------
/usr/local/http2/htdocs/fastadmin/public/assets/css/../css/bootstrap.min.css
/usr/local/http2/htdocs/fastadmin/public/assets/css/../css/fastadmin.min.css
/usr/local/http2/htdocs/fastadmin/public/assets/css/../css/skins/skin-green.css
/usr/local/http2/htdocs/fastadmin/public/assets/css/../css/iconfont.css
/usr/local/http2/htdocs/fastadmin/public/assets/css/../libs/font-awesome/css/font-awesome.min.css
/usr/local/http2/htdocs/fastadmin/public/assets/css/../libs/toastr/toastr.min.css
/usr/local/http2/htdocs/fastadmin/public/assets/css/../libs/layer/build/skin/default/layer.css
/usr/local/http2/htdocs/fastadmin/public/assets/css/../libs/bootstrap-table/dist/bootstrap-table.min.css
/usr/local/http2/htdocs/fastadmin/public/assets/css/../libs/eonasdan-bootstrap-datetimepicker/build/css/bootstrap-datetimepicker.min.css
/usr/local/http2/htdocs/fastadmin/public/assets/css/../libs/nice-validator/dist/jquery.validator.css
/usr/local/http2/htdocs/fastadmin/public/assets/css/../libs/selectpage/selectpage.css
/usr/local/http2/htdocs/fastadmin/public/assets/css/backend.css

